  [1m[35m (2375.3ms)[0m  [1m[35mCREATE DATABASE "routes_controller_development" ENCODING = 'unicode'[0m
  ↳ bin/rails:9
  [1m[35m (1413.3ms)[0m  [1m[35mCREATE DATABASE "routes_controller_test" ENCODING = 'unicode'[0m
  ↳ bin/rails:9
Started GET "/" for ::1 at 2020-12-03 13:51:02 -0500
Processing by Rails::WelcomeController#index as HTML
  Rendering /home/kaizhu94/.rbenv/versions/2.5.1/lib/ruby/gems/2.5.0/gems/railties-5.2.4.4/lib/rails/templates/rails/welcome/index.html.erb
  Rendered /home/kaizhu94/.rbenv/versions/2.5.1/lib/ruby/gems/2.5.0/gems/railties-5.2.4.4/lib/rails/templates/rails/welcome/index.html.erb (15.4ms)
Completed 200 OK in 134ms (Views: 45.5ms | ActiveRecord: 0.0ms)


Started GET "/users" for ::1 at 2020-12-03 13:53:33 -0500

AbstractController::ActionNotFound - The action 'index' could not be found for UsersController:

Started GET "/users" for ::1 at 2020-12-03 13:55:12 -0500

AbstractController::ActionNotFound - The action 'index' could not be found for UsersController:

Started GET "/" for ::1 at 2020-12-03 13:56:15 -0500
Processing by Rails::WelcomeController#index as HTML
  Rendering /home/kaizhu94/.rbenv/versions/2.5.1/lib/ruby/gems/2.5.0/gems/railties-5.2.4.4/lib/rails/templates/rails/welcome/index.html.erb
  Rendered /home/kaizhu94/.rbenv/versions/2.5.1/lib/ruby/gems/2.5.0/gems/railties-5.2.4.4/lib/rails/templates/rails/welcome/index.html.erb (3.3ms)
Completed 200 OK in 14ms (Views: 7.9ms | ActiveRecord: 0.0ms)


Started GET "/users" for ::1 at 2020-12-03 13:56:30 -0500

AbstractController::ActionNotFound - The action 'index' could not be found for UsersController:

Started GET "/users" for ::1 at 2020-12-03 13:56:57 -0500
Processing by UsersController#index as */*
No template found for UsersController#index, rendering head :no_content
Completed 204 No Content in 10395ms (ActiveRecord: 0.0ms)


Started GET "/users" for ::1 at 2020-12-03 14:00:32 -0500
Processing by UsersController#index as */*
No template found for UsersController#index, rendering head :no_content
Completed 204 No Content in 10220ms (ActiveRecord: 0.0ms)


Started GET "/" for ::1 at 2020-12-03 14:02:04 -0500
Processing by Rails::WelcomeController#index as HTML
  Rendering /home/kaizhu94/.rbenv/versions/2.5.1/lib/ruby/gems/2.5.0/gems/railties-5.2.4.4/lib/rails/templates/rails/welcome/index.html.erb
  Rendered /home/kaizhu94/.rbenv/versions/2.5.1/lib/ruby/gems/2.5.0/gems/railties-5.2.4.4/lib/rails/templates/rails/welcome/index.html.erb (2.2ms)
Completed 200 OK in 17ms (Views: 9.9ms | ActiveRecord: 0.0ms)


Started GET "/users" for ::1 at 2020-12-03 14:02:20 -0500
Processing by UsersController#index as HTML
Completed 406 Not Acceptable in 6113ms (ActiveRecord: 0.0ms)



ActionController::UnknownFormat - UsersController#index is missing a template for this request format and variant.
request.formats: ["text/html"]
request.variant: []
NOTE! For XHR/Ajax or API requests, this action would normally respond with 204 No Content: an empty white screen. Since you're loading it in a web browser, we assume that you expected to actually render a template, not nothing, so we're showing an error to be extra-clear. If you expect 204 No Content, carry on. That's what you'll get from an XHR or API request. Give it a shot.:

Started POST "/__better_errors/c9a4a304e7f91f93/variables" for ::1 at 2020-12-03 14:02:27 -0500
Started GET "/users" for ::1 at 2020-12-03 14:03:34 -0500
Processing by UsersController#index as */*
No template found for UsersController#index, rendering head :no_content
Completed 204 No Content in 13673ms (ActiveRecord: 0.0ms)


Started GET "/users" for ::1 at 2020-12-03 14:06:17 -0500
Processing by UsersController#index as */*
  Rendering text template
  Rendered text template (0.1ms)
Completed 200 OK in 45ms (Views: 44.7ms | ActiveRecord: 0.0ms)


Started GET "/users/" for ::1 at 2020-12-03 14:19:13 -0500
Processing by UsersController#index as */*
  Rendering text template
  Rendered text template (0.1ms)
Completed 200 OK in 12ms (Views: 11.2ms | ActiveRecord: 0.0ms)


Started GET "/users?fav_food=pizza" for ::1 at 2020-12-03 14:20:17 -0500
Processing by UsersController#index as */*
  Parameters: {"fav_food"=>"pizza"}
  Rendering text template
  Rendered text template (0.1ms)
Completed 200 OK in 21ms (Views: 20.0ms | ActiveRecord: 0.0ms)


Started GET "/users?fav_food=pizza" for ::1 at 2020-12-03 14:20:29 -0500
Processing by UsersController#index as */*
  Parameters: {"fav_food"=>"pizza"}
  Rendering text template
  Rendered text template (0.1ms)
Completed 200 OK in 9ms (Views: 6.8ms | ActiveRecord: 0.0ms)


Started GET "/users?fav_food=pizza" for ::1 at 2020-12-03 14:20:31 -0500
Processing by UsersController#index as */*
  Parameters: {"fav_food"=>"pizza"}
  Rendering text template
  Rendered text template (0.0ms)
Completed 200 OK in 3ms (Views: 2.8ms | ActiveRecord: 0.0ms)


Started GET "/users?fav_food=pizza" for ::1 at 2020-12-03 14:20:37 -0500
Processing by UsersController#index as */*
  Parameters: {"fav_food"=>"pizza"}
  Rendering text template
  Rendered text template (0.1ms)
Completed 200 OK in 6ms (Views: 5.1ms | ActiveRecord: 0.0ms)


Started GET "/users?fav_food=pizza" for ::1 at 2020-12-03 14:20:38 -0500
Processing by UsersController#index as */*
  Parameters: {"fav_food"=>"pizza"}
  Rendering text template
  Rendered text template (0.0ms)
Completed 200 OK in 2ms (Views: 1.4ms | ActiveRecord: 0.0ms)


Started GET "/users?fav_food=pizza" for ::1 at 2020-12-03 14:20:39 -0500
Processing by UsersController#index as */*
  Parameters: {"fav_food"=>"pizza"}
  Rendering text template
  Rendered text template (0.0ms)
Completed 200 OK in 2ms (Views: 1.5ms | ActiveRecord: 0.0ms)


Started GET "/users?fav_food=pizza" for ::1 at 2020-12-03 14:20:41 -0500
Processing by UsersController#index as */*
  Parameters: {"fav_food"=>"pizza"}
  Rendering text template
  Rendered text template (0.0ms)
Completed 200 OK in 3ms (Views: 2.0ms | ActiveRecord: 0.0ms)


Started GET "/users?fav_food=pizza" for ::1 at 2020-12-03 14:20:52 -0500
Processing by UsersController#index as */*
  Parameters: {"fav_food"=>"pizza"}
  Rendering text template
  Rendered text template (0.0ms)
Completed 200 OK in 2ms (Views: 1.2ms | ActiveRecord: 0.0ms)


Started GET "/users" for ::1 at 2020-12-03 14:21:11 -0500
Processing by UsersController#index as HTML
  Rendering text template
  Rendered text template (0.0ms)
Completed 200 OK in 1ms (Views: 1.1ms | ActiveRecord: 0.0ms)


Started GET "/users" for ::1 at 2020-12-03 14:21:14 -0500
Processing by UsersController#index as HTML
  Rendering text template
  Rendered text template (0.0ms)
Completed 200 OK in 1ms (Views: 0.9ms | ActiveRecord: 0.0ms)


Started GET "/users" for ::1 at 2020-12-03 14:21:14 -0500
Processing by UsersController#index as HTML
  Rendering text template
  Rendered text template (0.1ms)
Completed 200 OK in 4ms (Views: 3.7ms | ActiveRecord: 0.0ms)


Started GET "/users" for ::1 at 2020-12-03 14:21:14 -0500
Processing by UsersController#index as HTML
  Rendering text template
  Rendered text template (0.1ms)
Completed 200 OK in 2ms (Views: 1.6ms | ActiveRecord: 0.0ms)


Started GET "/users" for ::1 at 2020-12-03 14:21:15 -0500
Processing by UsersController#index as HTML
  Rendering text template
  Rendered text template (0.0ms)
Completed 200 OK in 2ms (Views: 1.3ms | ActiveRecord: 0.0ms)


Started GET "/users?fav_food=pizza" for ::1 at 2020-12-03 14:21:51 -0500
Processing by UsersController#index as */*
  Parameters: {"fav_food"=>"pizza"}
No template found for UsersController#index, rendering head :no_content
Completed 204 No Content in 11547ms (ActiveRecord: 0.0ms)


Started GET "/users" for ::1 at 2020-12-03 14:22:29 -0500
Processing by UsersController#index as HTML
Completed 406 Not Acceptable in 7706ms (ActiveRecord: 0.0ms)



ActionController::UnknownFormat - UsersController#index is missing a template for this request format and variant.
request.formats: ["text/html"]
request.variant: []
NOTE! For XHR/Ajax or API requests, this action would normally respond with 204 No Content: an empty white screen. Since you're loading it in a web browser, we assume that you expected to actually render a template, not nothing, so we're showing an error to be extra-clear. If you expect 204 No Content, carry on. That's what you'll get from an XHR or API request. Give it a shot.:

Started POST "/__better_errors/8cdd3f165669204d/variables" for ::1 at 2020-12-03 14:22:37 -0500
Started GET "/users?fav_food=steak" for ::1 at 2020-12-03 14:24:22 -0500
Processing by UsersController#index as */*
  Parameters: {"fav_food"=>"steak"}
No template found for UsersController#index, rendering head :no_content
Completed 204 No Content in 11042ms (ActiveRecord: 0.0ms)


Started POST "/users?fav_food=steak" for ::1 at 2020-12-03 14:25:25 -0500

AbstractController::ActionNotFound - The action 'create' could not be found for UsersController:

Started POST "/users?fav_food=steak" for ::1 at 2020-12-03 14:27:25 -0500

AbstractController::ActionNotFound - The action 'create' could not be found for UsersController:

Started POST "/users?fav_food=steak" for ::1 at 2020-12-03 14:28:21 -0500

AbstractController::ActionNotFound - The action 'create' could not be found for UsersController:

Started POST "/users?fav_food=pizza" for ::1 at 2020-12-03 14:29:31 -0500

AbstractController::ActionNotFound - The action 'create' could not be found for UsersController:

Started POST "/users?fav_food=pizza" for ::1 at 2020-12-03 14:30:40 -0500

ArgumentError - Invalid route name, already in use: 'users' 
You may have defined two routes with the same name using the `:as` option, or you may be overriding a route already defined by a resource with the same naming. For the latter, you can restrict the routes created with `resources` as explained here: 
http://guides.rubyonrails.org/routing.html#restricting-the-routes-created:
  config/routes.rb:6:in `block in <top (required)>'
  config/routes.rb:1:in `<top (required)>'

Started POST "/users?fav_food=pizza" for ::1 at 2020-12-03 14:31:03 -0500
Processing by UsersController#create as */*
  Parameters: {"fav_food"=>"pizza"}
Completed 200 OK in 1ms (Views: 0.3ms | ActiveRecord: 0.0ms)


Started POST "/users?fav_food=pizza" for ::1 at 2020-12-03 14:33:07 -0500
Processing by UsersController#create as */*
  Parameters: {"fav_food"=>"pizza"}
Completed 200 OK in 1ms (Views: 0.2ms | ActiveRecord: 0.0ms)


Started POST "/users?fav_food=pizza" for ::1 at 2020-12-03 14:33:30 -0500
Processing by UsersController#create as */*
  Parameters: {"fav_food"=>"pizza"}
Completed 200 OK in 1ms (Views: 0.6ms | ActiveRecord: 0.0ms)


Started POST "/users?fav_food=steak" for ::1 at 2020-12-03 14:33:39 -0500
Processing by UsersController#create as */*
  Parameters: {"fav_food"=>"steak"}
Completed 200 OK in 1ms (Views: 0.2ms | ActiveRecord: 0.0ms)


Started GET "/users/2" for ::1 at 2020-12-03 14:41:06 -0500

AbstractController::ActionNotFound - The action 'edit' could not be found for UsersController:

Started GET "/users/2" for ::1 at 2020-12-03 14:43:03 -0500
Processing by UsersController#show as */*
  Parameters: {"id"=>"2"}
Completed 200 OK in 1ms (Views: 0.2ms | ActiveRecord: 0.0ms)


Started GET "/users/5" for ::1 at 2020-12-03 14:45:05 -0500
Processing by UsersController#show as */*
  Parameters: {"id"=>"5"}
Completed 200 OK in 1ms (Views: 0.3ms | ActiveRecord: 0.0ms)


Started POST "/users/5" for ::1 at 2020-12-03 14:47:01 -0500
  
ActionController::RoutingError (No route matches [POST] "/users/5"):
  
actionpack (5.2.4.4) lib/action_dispatch/middleware/debug_exceptions.rb:65:in `call'
web-console (3.7.0) lib/web_console/middleware.rb:135:in `call_app'
web-console (3.7.0) lib/web_console/middleware.rb:30:in `block in call'
web-console (3.7.0) lib/web_console/middleware.rb:20:in `catch'
web-console (3.7.0) lib/web_console/middleware.rb:20:in `call'
actionpack (5.2.4.4) lib/action_dispatch/middleware/show_exceptions.rb:33:in `call'
railties (5.2.4.4) lib/rails/rack/logger.rb:38:in `call_app'
railties (5.2.4.4) lib/rails/rack/logger.rb:26:in `block in call'
activesupport (5.2.4.4) lib/active_support/tagged_logging.rb:71:in `block in tagged'
activesupport (5.2.4.4) lib/active_support/tagged_logging.rb:28:in `tagged'
activesupport (5.2.4.4) lib/active_support/tagged_logging.rb:71:in `tagged'
railties (5.2.4.4) lib/rails/rack/logger.rb:26:in `call'
sprockets-rails (3.2.2) lib/sprockets/rails/quiet_assets.rb:13:in `call'
actionpack (5.2.4.4) lib/action_dispatch/middleware/remote_ip.rb:81:in `call'
actionpack (5.2.4.4) lib/action_dispatch/middleware/request_id.rb:27:in `call'
rack (2.2.3) lib/rack/method_override.rb:24:in `call'
rack (2.2.3) lib/rack/runtime.rb:22:in `call'
activesupport (5.2.4.4) lib/active_support/cache/strategy/local_cache_middleware.rb:29:in `call'
actionpack (5.2.4.4) lib/action_dispatch/middleware/executor.rb:14:in `call'
actionpack (5.2.4.4) lib/action_dispatch/middleware/static.rb:127:in `call'
rack (2.2.3) lib/rack/sendfile.rb:110:in `call'
railties (5.2.4.4) lib/rails/engine.rb:524:in `call'
puma (3.12.6) lib/puma/configuration.rb:227:in `call'
puma (3.12.6) lib/puma/server.rb:706:in `handle_request'
puma (3.12.6) lib/puma/server.rb:476:in `process_client'
puma (3.12.6) lib/puma/server.rb:334:in `block in run'
puma (3.12.6) lib/puma/thread_pool.rb:135:in `block in spawn_thread'
Started GET "/users/5" for ::1 at 2020-12-03 14:47:12 -0500
Processing by UsersController#show as */*
  Parameters: {"id"=>"5"}
Completed 200 OK in 1ms (Views: 0.4ms | ActiveRecord: 0.0ms)


Started POST "/users/5" for ::1 at 2020-12-03 14:47:22 -0500
  
ActionController::RoutingError (No route matches [POST] "/users/5"):
  
actionpack (5.2.4.4) lib/action_dispatch/middleware/debug_exceptions.rb:65:in `call'
web-console (3.7.0) lib/web_console/middleware.rb:135:in `call_app'
web-console (3.7.0) lib/web_console/middleware.rb:30:in `block in call'
web-console (3.7.0) lib/web_console/middleware.rb:20:in `catch'
web-console (3.7.0) lib/web_console/middleware.rb:20:in `call'
actionpack (5.2.4.4) lib/action_dispatch/middleware/show_exceptions.rb:33:in `call'
railties (5.2.4.4) lib/rails/rack/logger.rb:38:in `call_app'
railties (5.2.4.4) lib/rails/rack/logger.rb:26:in `block in call'
activesupport (5.2.4.4) lib/active_support/tagged_logging.rb:71:in `block in tagged'
activesupport (5.2.4.4) lib/active_support/tagged_logging.rb:28:in `tagged'
activesupport (5.2.4.4) lib/active_support/tagged_logging.rb:71:in `tagged'
railties (5.2.4.4) lib/rails/rack/logger.rb:26:in `call'
sprockets-rails (3.2.2) lib/sprockets/rails/quiet_assets.rb:13:in `call'
actionpack (5.2.4.4) lib/action_dispatch/middleware/remote_ip.rb:81:in `call'
actionpack (5.2.4.4) lib/action_dispatch/middleware/request_id.rb:27:in `call'
rack (2.2.3) lib/rack/method_override.rb:24:in `call'
rack (2.2.3) lib/rack/runtime.rb:22:in `call'
activesupport (5.2.4.4) lib/active_support/cache/strategy/local_cache_middleware.rb:29:in `call'
actionpack (5.2.4.4) lib/action_dispatch/middleware/executor.rb:14:in `call'
actionpack (5.2.4.4) lib/action_dispatch/middleware/static.rb:127:in `call'
rack (2.2.3) lib/rack/sendfile.rb:110:in `call'
railties (5.2.4.4) lib/rails/engine.rb:524:in `call'
puma (3.12.6) lib/puma/configuration.rb:227:in `call'
puma (3.12.6) lib/puma/server.rb:706:in `handle_request'
puma (3.12.6) lib/puma/server.rb:476:in `process_client'
puma (3.12.6) lib/puma/server.rb:334:in `block in run'
puma (3.12.6) lib/puma/thread_pool.rb:135:in `block in spawn_thread'
Started GET "/users//users?some_category[a_key]=another+value&some_category[a_second_key]=yet+another+value" for ::1 at 2020-12-03 14:47:55 -0500
Processing by UsersController#show as */*
  Parameters: {"some_category"=>{"a_key"=>"another value", "a_second_key"=>"yet another value"}, "id"=>"users"}
Completed 200 OK in 1ms (Views: 0.3ms | ActiveRecord: 0.0ms)


Started GET "/users?some_category[a_key]=another+value&some_category[a_second_key]=yet+another+value" for ::1 at 2020-12-03 14:48:40 -0500
Processing by UsersController#index as */*
  Parameters: {"some_category"=>{"a_key"=>"another value", "a_second_key"=>"yet another value"}}
No template found for UsersController#index, rendering head :no_content
Completed 204 No Content in 11595ms (ActiveRecord: 0.0ms)


Started POST "/users" for ::1 at 2020-12-03 14:50:50 -0500
Processing by UsersController#create as */*
Completed 200 OK in 1ms (Views: 0.2ms | ActiveRecord: 0.0ms)


Started POST "/users" for ::1 at 2020-12-03 14:51:06 -0500
Processing by UsersController#create as */*
Completed 200 OK in 1ms (Views: 0.6ms | ActiveRecord: 0.0ms)


Started POST "/users/5" for ::1 at 2020-12-03 14:51:14 -0500
  
ActionController::RoutingError (No route matches [POST] "/users/5"):
  
actionpack (5.2.4.4) lib/action_dispatch/middleware/debug_exceptions.rb:65:in `call'
web-console (3.7.0) lib/web_console/middleware.rb:135:in `call_app'
web-console (3.7.0) lib/web_console/middleware.rb:30:in `block in call'
web-console (3.7.0) lib/web_console/middleware.rb:20:in `catch'
web-console (3.7.0) lib/web_console/middleware.rb:20:in `call'
actionpack (5.2.4.4) lib/action_dispatch/middleware/show_exceptions.rb:33:in `call'
railties (5.2.4.4) lib/rails/rack/logger.rb:38:in `call_app'
railties (5.2.4.4) lib/rails/rack/logger.rb:26:in `block in call'
activesupport (5.2.4.4) lib/active_support/tagged_logging.rb:71:in `block in tagged'
activesupport (5.2.4.4) lib/active_support/tagged_logging.rb:28:in `tagged'
activesupport (5.2.4.4) lib/active_support/tagged_logging.rb:71:in `tagged'
railties (5.2.4.4) lib/rails/rack/logger.rb:26:in `call'
sprockets-rails (3.2.2) lib/sprockets/rails/quiet_assets.rb:13:in `call'
actionpack (5.2.4.4) lib/action_dispatch/middleware/remote_ip.rb:81:in `call'
actionpack (5.2.4.4) lib/action_dispatch/middleware/request_id.rb:27:in `call'
rack (2.2.3) lib/rack/method_override.rb:24:in `call'
rack (2.2.3) lib/rack/runtime.rb:22:in `call'
activesupport (5.2.4.4) lib/active_support/cache/strategy/local_cache_middleware.rb:29:in `call'
actionpack (5.2.4.4) lib/action_dispatch/middleware/executor.rb:14:in `call'
actionpack (5.2.4.4) lib/action_dispatch/middleware/static.rb:127:in `call'
rack (2.2.3) lib/rack/sendfile.rb:110:in `call'
railties (5.2.4.4) lib/rails/engine.rb:524:in `call'
puma (3.12.6) lib/puma/configuration.rb:227:in `call'
puma (3.12.6) lib/puma/server.rb:706:in `handle_request'
puma (3.12.6) lib/puma/server.rb:476:in `process_client'
puma (3.12.6) lib/puma/server.rb:334:in `block in run'
puma (3.12.6) lib/puma/thread_pool.rb:135:in `block in spawn_thread'
Started POST "/users" for ::1 at 2020-12-03 14:51:35 -0500
Processing by UsersController#create as */*
Completed 200 OK in 1ms (Views: 0.3ms | ActiveRecord: 0.0ms)


Started GET "/users" for ::1 at 2020-12-03 14:51:41 -0500
Processing by UsersController#index as */*
No template found for UsersController#index, rendering head :no_content
Completed 204 No Content in 11378ms (ActiveRecord: 0.0ms)


Started POST "/users/5" for ::1 at 2020-12-03 14:54:25 -0500
  
ActionController::RoutingError (No route matches [POST] "/users/5"):
  
actionpack (5.2.4.4) lib/action_dispatch/middleware/debug_exceptions.rb:65:in `call'
web-console (3.7.0) lib/web_console/middleware.rb:135:in `call_app'
web-console (3.7.0) lib/web_console/middleware.rb:30:in `block in call'
web-console (3.7.0) lib/web_console/middleware.rb:20:in `catch'
web-console (3.7.0) lib/web_console/middleware.rb:20:in `call'
actionpack (5.2.4.4) lib/action_dispatch/middleware/show_exceptions.rb:33:in `call'
railties (5.2.4.4) lib/rails/rack/logger.rb:38:in `call_app'
railties (5.2.4.4) lib/rails/rack/logger.rb:26:in `block in call'
activesupport (5.2.4.4) lib/active_support/tagged_logging.rb:71:in `block in tagged'
activesupport (5.2.4.4) lib/active_support/tagged_logging.rb:28:in `tagged'
activesupport (5.2.4.4) lib/active_support/tagged_logging.rb:71:in `tagged'
railties (5.2.4.4) lib/rails/rack/logger.rb:26:in `call'
sprockets-rails (3.2.2) lib/sprockets/rails/quiet_assets.rb:13:in `call'
actionpack (5.2.4.4) lib/action_dispatch/middleware/remote_ip.rb:81:in `call'
actionpack (5.2.4.4) lib/action_dispatch/middleware/request_id.rb:27:in `call'
rack (2.2.3) lib/rack/method_override.rb:24:in `call'
rack (2.2.3) lib/rack/runtime.rb:22:in `call'
activesupport (5.2.4.4) lib/active_support/cache/strategy/local_cache_middleware.rb:29:in `call'
actionpack (5.2.4.4) lib/action_dispatch/middleware/executor.rb:14:in `call'
actionpack (5.2.4.4) lib/action_dispatch/middleware/static.rb:127:in `call'
rack (2.2.3) lib/rack/sendfile.rb:110:in `call'
railties (5.2.4.4) lib/rails/engine.rb:524:in `call'
puma (3.12.6) lib/puma/configuration.rb:227:in `call'
puma (3.12.6) lib/puma/server.rb:706:in `handle_request'
puma (3.12.6) lib/puma/server.rb:476:in `process_client'
puma (3.12.6) lib/puma/server.rb:334:in `block in run'
puma (3.12.6) lib/puma/thread_pool.rb:135:in `block in spawn_thread'
Started POST "/users" for ::1 at 2020-12-03 14:54:47 -0500
Processing by UsersController#create as */*
Completed 200 OK in 1ms (Views: 0.3ms | ActiveRecord: 0.0ms)


Started GET "/users" for ::1 at 2020-12-03 14:55:41 -0500
Error occurred while parsing request parameters.
Contents:

some_category[a_key]: 'another value'
some_category[a_second_key]: 'yet another value'
some_category[inner_inner_hash][key]: 'value'
something_else: 'aaahhhhh'

ActionDispatch::Http::Parameters::ParseError - 765: unexpected token at 'some_category[a_key]: 'another value'
some_category[a_second_key]: 'yet another value'
some_category[inner_inner_hash][key]: 'value'
something_else: 'aaahhhhh'':

Started GET "/users" for ::1 at 2020-12-03 14:55:56 -0500
Processing by UsersController#index as */*
No template found for UsersController#index, rendering head :no_content
Completed 204 No Content in 12270ms (ActiveRecord: 0.0ms)


Started GET "/users" for ::1 at 2020-12-03 14:58:29 -0500
Processing by UsersController#index as */*
No template found for UsersController#index, rendering head :no_content
Completed 204 No Content in 12273ms (ActiveRecord: 0.0ms)


  [1m[35m (0.8ms)[0m  [1m[35mCREATE DATABASE "routes_controller_development" ENCODING = 'unicode'[0m
  ↳ bin/rails:9
  [1m[35m (1.0ms)[0m  [1m[35mCREATE DATABASE "routes_controller_test" ENCODING = 'unicode'[0m
  ↳ bin/rails:9
Started GET "/users" for ::1 at 2020-12-03 15:24:08 -0500

SyntaxError - syntax error, unexpected end-of-input, expecting keyword_end:
  app/controllers/users_controller.rb:19:in `'

Started GET "/users" for ::1 at 2020-12-03 15:24:54 -0500
Processing by UsersController#index as */*
No template found for UsersController#index, rendering head :no_content
Completed 204 No Content in 5221ms (ActiveRecord: 0.0ms)


Started GET "/users" for ::1 at 2020-12-03 15:25:14 -0500
Processing by UsersController#index as */*
No template found for UsersController#index, rendering head :no_content
Completed 204 No Content in 5760ms (ActiveRecord: 0.0ms)


Started GET "/users/5" for ::1 at 2020-12-03 15:25:54 -0500
Processing by UsersController#show as */*
  Parameters: {"id"=>"5"}
Completed 200 OK in 2ms (Views: 0.6ms | ActiveRecord: 0.0ms)


Started GET "/users" for ::1 at 2020-12-03 15:26:33 -0500
Processing by UsersController#index as */*
  Rendering text template
  Rendered text template (0.0ms)
Completed 200 OK in 12ms (Views: 5.5ms | ActiveRecord: 0.0ms)


Started GET "/users/5" for ::1 at 2020-12-03 15:28:14 -0500
Processing by UsersController#show as */*
  Parameters: {"id"=>"5"}
Completed 200 OK in 9ms (Views: 4.3ms | ActiveRecord: 0.0ms)


Started PUT "/users/5" for ::1 at 2020-12-03 15:28:30 -0500

AbstractController::ActionNotFound - The action 'update' could not be found for UsersController:

Started PUT "/users/5" for ::1 at 2020-12-03 15:29:31 -0500
Processing by UsersController#update as */*
  Parameters: {"id"=>"5"}
Completed 200 OK in 1ms (Views: 0.2ms | ActiveRecord: 0.0ms)


Started PUT "/users/5" for ::1 at 2020-12-03 15:29:41 -0500
Processing by UsersController#update as */*
  Parameters: {"id"=>"5"}
Completed 200 OK in 1ms (Views: 0.4ms | ActiveRecord: 0.0ms)


Started POST "/users/5" for ::1 at 2020-12-03 15:29:46 -0500
  
ActionController::RoutingError (No route matches [POST] "/users/5"):
  
actionpack (5.2.4.4) lib/action_dispatch/middleware/debug_exceptions.rb:65:in `call'
web-console (3.7.0) lib/web_console/middleware.rb:135:in `call_app'
web-console (3.7.0) lib/web_console/middleware.rb:30:in `block in call'
web-console (3.7.0) lib/web_console/middleware.rb:20:in `catch'
web-console (3.7.0) lib/web_console/middleware.rb:20:in `call'
actionpack (5.2.4.4) lib/action_dispatch/middleware/show_exceptions.rb:33:in `call'
railties (5.2.4.4) lib/rails/rack/logger.rb:38:in `call_app'
railties (5.2.4.4) lib/rails/rack/logger.rb:26:in `block in call'
activesupport (5.2.4.4) lib/active_support/tagged_logging.rb:71:in `block in tagged'
activesupport (5.2.4.4) lib/active_support/tagged_logging.rb:28:in `tagged'
activesupport (5.2.4.4) lib/active_support/tagged_logging.rb:71:in `tagged'
railties (5.2.4.4) lib/rails/rack/logger.rb:26:in `call'
sprockets-rails (3.2.2) lib/sprockets/rails/quiet_assets.rb:13:in `call'
actionpack (5.2.4.4) lib/action_dispatch/middleware/remote_ip.rb:81:in `call'
actionpack (5.2.4.4) lib/action_dispatch/middleware/request_id.rb:27:in `call'
rack (2.2.3) lib/rack/method_override.rb:24:in `call'
rack (2.2.3) lib/rack/runtime.rb:22:in `call'
activesupport (5.2.4.4) lib/active_support/cache/strategy/local_cache_middleware.rb:29:in `call'
actionpack (5.2.4.4) lib/action_dispatch/middleware/executor.rb:14:in `call'
actionpack (5.2.4.4) lib/action_dispatch/middleware/static.rb:127:in `call'
rack (2.2.3) lib/rack/sendfile.rb:110:in `call'
railties (5.2.4.4) lib/rails/engine.rb:524:in `call'
puma (3.12.6) lib/puma/configuration.rb:227:in `call'
puma (3.12.6) lib/puma/server.rb:706:in `handle_request'
puma (3.12.6) lib/puma/server.rb:476:in `process_client'
puma (3.12.6) lib/puma/server.rb:334:in `block in run'
puma (3.12.6) lib/puma/thread_pool.rb:135:in `block in spawn_thread'
Started POST "/users" for ::1 at 2020-12-03 15:30:10 -0500
Processing by UsersController#create as */*
Completed 200 OK in 2ms (Views: 0.9ms | ActiveRecord: 0.0ms)


Started GET "/users?some_category[a_key]=another+value&some_category[a_second_key]=yet+another+value" for ::1 at 2020-12-03 15:31:23 -0500
Processing by UsersController#index as */*
  Parameters: {"some_category"=>{"a_key"=>"another value", "a_second_key"=>"yet another value"}}
  Rendering text template
  Rendered text template (0.1ms)
Completed 200 OK in 4ms (Views: 3.1ms | ActiveRecord: 0.0ms)


Started GET "/users?some_category[a_key]=another+value&some_category[a_second_key]=yet+another+value" for ::1 at 2020-12-03 15:31:33 -0500
Processing by UsersController#index as */*
  Parameters: {"some_category"=>{"a_key"=>"another value", "a_second_key"=>"yet another value"}}
  Rendering text template
  Rendered text template (0.1ms)
Completed 200 OK in 6ms (Views: 4.1ms | ActiveRecord: 0.0ms)


Started GET "/users?some_category[a_key]=another+value&some_category[a_second_key]=yet+another+value" for ::1 at 2020-12-03 15:31:55 -0500
Processing by UsersController#index as */*
  Parameters: {"some_category"=>{"a_key"=>"another value", "a_second_key"=>"yet another value"}}
  Rendering text template
  Rendered text template (1.3ms)
Completed 200 OK in 5ms (Views: 4.2ms | ActiveRecord: 0.0ms)


Started GET "/users?some_category[a_key]=another+value&some_category[a_second_key]=yet+another+value" for ::1 at 2020-12-03 15:32:13 -0500
Processing by UsersController#index as */*
  Parameters: {"some_category"=>{"a_key"=>"another value", "a_second_key"=>"yet another value"}}
Completed 200 OK in 4ms (Views: 0.4ms | ActiveRecord: 0.0ms)


Started GET "/users?some_category[a_key]=another+value&some_category[a_second_key]=yet+another+value" for ::1 at 2020-12-03 15:32:41 -0500
Processing by UsersController#index as */*
  Parameters: {"some_category"=>{"a_key"=>"another value", "a_second_key"=>"yet another value"}}
Completed 200 OK in 1ms (Views: 0.3ms | ActiveRecord: 0.0ms)


Started GET "/users?some_category[a_key]=another+value&some_category[a_second_key]=yet+another+value" for ::1 at 2020-12-03 15:32:45 -0500
Processing by UsersController#index as */*
  Parameters: {"some_category"=>{"a_key"=>"another value", "a_second_key"=>"yet another value"}}
Completed 200 OK in 2ms (Views: 0.6ms | ActiveRecord: 0.0ms)


Started GET "/users?some_category[5]=another+value&some_category[a_second_key]=yet+another+value" for ::1 at 2020-12-03 15:32:52 -0500
Processing by UsersController#index as */*
  Parameters: {"some_category"=>{"5"=>"another value", "a_second_key"=>"yet another value"}}
Completed 200 OK in 6ms (Views: 2.8ms | ActiveRecord: 0.0ms)


Started GET "/users/5?some_category[a_key]=another+value&some_category[a_second_key]=yet+another+value" for ::1 at 2020-12-03 15:33:47 -0500
Processing by UsersController#show as */*
  Parameters: {"some_category"=>{"a_key"=>"another value", "a_second_key"=>"yet another value"}, "id"=>"5"}
Completed 200 OK in 4ms (Views: 1.2ms | ActiveRecord: 0.0ms)


Started GET "/users/5?some_category[a_key]=another+value&some_category[a_second_key]=yet+another+value" for ::1 at 2020-12-03 15:33:54 -0500
Processing by UsersController#show as */*
  Parameters: {"some_category"=>{"a_key"=>"another value", "a_second_key"=>"yet another value"}, "id"=>"5"}
Completed 200 OK in 2ms (Views: 0.5ms | ActiveRecord: 0.0ms)


Started GET "/users?some_category[a_key]=another+value&some_category[a_second_key]=yet+another+value/5" for ::1 at 2020-12-03 15:34:10 -0500
Processing by UsersController#index as */*
  Parameters: {"some_category"=>{"a_key"=>"another value", "a_second_key"=>"yet another value/5"}}
Completed 200 OK in 4ms (Views: 1.5ms | ActiveRecord: 0.0ms)


Started GET "/users/5/users?some_category[a_key]=another+value&some_category[a_second_key]=yet+another+value" for ::1 at 2020-12-03 15:34:27 -0500
  
ActionController::RoutingError (No route matches [GET] "/users/5/users"):
  
actionpack (5.2.4.4) lib/action_dispatch/middleware/debug_exceptions.rb:65:in `call'
web-console (3.7.0) lib/web_console/middleware.rb:135:in `call_app'
web-console (3.7.0) lib/web_console/middleware.rb:30:in `block in call'
web-console (3.7.0) lib/web_console/middleware.rb:20:in `catch'
web-console (3.7.0) lib/web_console/middleware.rb:20:in `call'
actionpack (5.2.4.4) lib/action_dispatch/middleware/show_exceptions.rb:33:in `call'
railties (5.2.4.4) lib/rails/rack/logger.rb:38:in `call_app'
railties (5.2.4.4) lib/rails/rack/logger.rb:26:in `block in call'
activesupport (5.2.4.4) lib/active_support/tagged_logging.rb:71:in `block in tagged'
activesupport (5.2.4.4) lib/active_support/tagged_logging.rb:28:in `tagged'
activesupport (5.2.4.4) lib/active_support/tagged_logging.rb:71:in `tagged'
railties (5.2.4.4) lib/rails/rack/logger.rb:26:in `call'
sprockets-rails (3.2.2) lib/sprockets/rails/quiet_assets.rb:13:in `call'
actionpack (5.2.4.4) lib/action_dispatch/middleware/remote_ip.rb:81:in `call'
actionpack (5.2.4.4) lib/action_dispatch/middleware/request_id.rb:27:in `call'
rack (2.2.3) lib/rack/method_override.rb:24:in `call'
rack (2.2.3) lib/rack/runtime.rb:22:in `call'
activesupport (5.2.4.4) lib/active_support/cache/strategy/local_cache_middleware.rb:29:in `call'
actionpack (5.2.4.4) lib/action_dispatch/middleware/executor.rb:14:in `call'
actionpack (5.2.4.4) lib/action_dispatch/middleware/static.rb:127:in `call'
rack (2.2.3) lib/rack/sendfile.rb:110:in `call'
railties (5.2.4.4) lib/rails/engine.rb:524:in `call'
puma (3.12.6) lib/puma/configuration.rb:227:in `call'
puma (3.12.6) lib/puma/server.rb:706:in `handle_request'
puma (3.12.6) lib/puma/server.rb:476:in `process_client'
puma (3.12.6) lib/puma/server.rb:334:in `block in run'
puma (3.12.6) lib/puma/thread_pool.rb:135:in `block in spawn_thread'
Started GET "/5/users?some_category[a_key]=another+value&some_category[a_second_key]=yet+another+value" for ::1 at 2020-12-03 15:34:45 -0500
  
ActionController::RoutingError (No route matches [GET] "/5/users"):
  
actionpack (5.2.4.4) lib/action_dispatch/middleware/debug_exceptions.rb:65:in `call'
web-console (3.7.0) lib/web_console/middleware.rb:135:in `call_app'
web-console (3.7.0) lib/web_console/middleware.rb:30:in `block in call'
web-console (3.7.0) lib/web_console/middleware.rb:20:in `catch'
web-console (3.7.0) lib/web_console/middleware.rb:20:in `call'
actionpack (5.2.4.4) lib/action_dispatch/middleware/show_exceptions.rb:33:in `call'
railties (5.2.4.4) lib/rails/rack/logger.rb:38:in `call_app'
railties (5.2.4.4) lib/rails/rack/logger.rb:26:in `block in call'
activesupport (5.2.4.4) lib/active_support/tagged_logging.rb:71:in `block in tagged'
activesupport (5.2.4.4) lib/active_support/tagged_logging.rb:28:in `tagged'
activesupport (5.2.4.4) lib/active_support/tagged_logging.rb:71:in `tagged'
railties (5.2.4.4) lib/rails/rack/logger.rb:26:in `call'
sprockets-rails (3.2.2) lib/sprockets/rails/quiet_assets.rb:13:in `call'
actionpack (5.2.4.4) lib/action_dispatch/middleware/remote_ip.rb:81:in `call'
actionpack (5.2.4.4) lib/action_dispatch/middleware/request_id.rb:27:in `call'
rack (2.2.3) lib/rack/method_override.rb:24:in `call'
rack (2.2.3) lib/rack/runtime.rb:22:in `call'
activesupport (5.2.4.4) lib/active_support/cache/strategy/local_cache_middleware.rb:29:in `call'
actionpack (5.2.4.4) lib/action_dispatch/middleware/executor.rb:14:in `call'
actionpack (5.2.4.4) lib/action_dispatch/middleware/static.rb:127:in `call'
rack (2.2.3) lib/rack/sendfile.rb:110:in `call'
railties (5.2.4.4) lib/rails/engine.rb:524:in `call'
puma (3.12.6) lib/puma/configuration.rb:227:in `call'
puma (3.12.6) lib/puma/server.rb:706:in `handle_request'
puma (3.12.6) lib/puma/server.rb:476:in `process_client'
puma (3.12.6) lib/puma/server.rb:334:in `block in run'
puma (3.12.6) lib/puma/thread_pool.rb:135:in `block in spawn_thread'
Started GET "/users?some_category[a_key]=another+value&some_category[a_second_key]=yet+another+value" for ::1 at 2020-12-03 15:34:55 -0500
Processing by UsersController#index as */*
  Parameters: {"some_category"=>{"a_key"=>"another value", "a_second_key"=>"yet another value"}}
Completed 200 OK in 1ms (Views: 0.3ms | ActiveRecord: 0.0ms)


Started GET "/user?some_category[a_key]=another+value&some_category[a_second_key]=yet+another+value" for ::1 at 2020-12-03 15:35:11 -0500
  
ActionController::RoutingError (No route matches [GET] "/user"):
  
actionpack (5.2.4.4) lib/action_dispatch/middleware/debug_exceptions.rb:65:in `call'
web-console (3.7.0) lib/web_console/middleware.rb:135:in `call_app'
web-console (3.7.0) lib/web_console/middleware.rb:30:in `block in call'
web-console (3.7.0) lib/web_console/middleware.rb:20:in `catch'
web-console (3.7.0) lib/web_console/middleware.rb:20:in `call'
actionpack (5.2.4.4) lib/action_dispatch/middleware/show_exceptions.rb:33:in `call'
railties (5.2.4.4) lib/rails/rack/logger.rb:38:in `call_app'
railties (5.2.4.4) lib/rails/rack/logger.rb:26:in `block in call'
activesupport (5.2.4.4) lib/active_support/tagged_logging.rb:71:in `block in tagged'
activesupport (5.2.4.4) lib/active_support/tagged_logging.rb:28:in `tagged'
activesupport (5.2.4.4) lib/active_support/tagged_logging.rb:71:in `tagged'
railties (5.2.4.4) lib/rails/rack/logger.rb:26:in `call'
sprockets-rails (3.2.2) lib/sprockets/rails/quiet_assets.rb:13:in `call'
actionpack (5.2.4.4) lib/action_dispatch/middleware/remote_ip.rb:81:in `call'
actionpack (5.2.4.4) lib/action_dispatch/middleware/request_id.rb:27:in `call'
rack (2.2.3) lib/rack/method_override.rb:24:in `call'
rack (2.2.3) lib/rack/runtime.rb:22:in `call'
activesupport (5.2.4.4) lib/active_support/cache/strategy/local_cache_middleware.rb:29:in `call'
actionpack (5.2.4.4) lib/action_dispatch/middleware/executor.rb:14:in `call'
actionpack (5.2.4.4) lib/action_dispatch/middleware/static.rb:127:in `call'
rack (2.2.3) lib/rack/sendfile.rb:110:in `call'
railties (5.2.4.4) lib/rails/engine.rb:524:in `call'
puma (3.12.6) lib/puma/configuration.rb:227:in `call'
puma (3.12.6) lib/puma/server.rb:706:in `handle_request'
puma (3.12.6) lib/puma/server.rb:476:in `process_client'
puma (3.12.6) lib/puma/server.rb:334:in `block in run'
puma (3.12.6) lib/puma/thread_pool.rb:135:in `block in spawn_thread'
Started GET "/users?some_category[a_key]=another+value&some_category[a_second_key]=yet+another+value" for ::1 at 2020-12-03 15:35:20 -0500
Processing by UsersController#index as */*
  Parameters: {"some_category"=>{"a_key"=>"another value", "a_second_key"=>"yet another value"}}
Completed 200 OK in 2ms (Views: 0.8ms | ActiveRecord: 0.0ms)


Started GET "/users/5?some_category[a_key]=another+value&some_category[a_second_key]=yet+another+value" for ::1 at 2020-12-03 15:35:36 -0500
Processing by UsersController#show as */*
  Parameters: {"some_category"=>{"a_key"=>"another value", "a_second_key"=>"yet another value"}, "id"=>"5"}
Completed 200 OK in 2ms (Views: 0.5ms | ActiveRecord: 0.0ms)


  [1m[35m (45.2ms)[0m  [1m[35mCREATE TABLE "schema_migrations" ("version" character varying NOT NULL PRIMARY KEY)[0m
  ↳ bin/rails:9
  [1m[35m (7.6ms)[0m  [1m[35mCREATE TABLE "ar_internal_metadata" ("key" character varying NOT NULL PRIMARY KEY, "value" character varying, "created_at" timestamp NOT NULL, "updated_at" timestamp NOT NULL)[0m
  ↳ bin/rails:9
  [1m[35m (1.2ms)[0m  [1m[34mSELECT pg_try_advisory_lock(6673910664675292185)[0m
  ↳ bin/rails:9
  [1m[35m (1.1ms)[0m  [1m[34mSELECT "schema_migrations"."version" FROM "schema_migrations" ORDER BY "schema_migrations"."version" ASC[0m
  ↳ bin/rails:9
Migrating to CreateUsers (20201203203647)
  [1m[35m (0.6ms)[0m  [1m[35mBEGIN[0m
  ↳ bin/rails:9
  [1m[35m (13.6ms)[0m  [1m[35mCREATE TABLE "users" ("id" bigserial primary key, "name" character varying NOT NULL, "email" character varying NOT NULL, "created_at" timestamp NOT NULL, "updated_at" timestamp NOT NULL)[0m
  ↳ db/migrate/20201203203647_create_users.rb:3
  [1m[36mActiveRecord::SchemaMigration Create (1.3ms)[0m  [1m[32mINSERT INTO "schema_migrations" ("version") VALUES ($1) RETURNING "version"[0m  [["version", "20201203203647"]]
  ↳ bin/rails:9
  [1m[35m (1.3ms)[0m  [1m[35mCOMMIT[0m
  ↳ bin/rails:9
  [1m[36mActiveRecord::InternalMetadata Load (0.5ms)[0m  [1m[34mSELECT  "ar_internal_metadata".* FROM "ar_internal_metadata" WHERE "ar_internal_metadata"."key" = $1 LIMIT $2[0m  [["key", "environment"], ["LIMIT", 1]]
  ↳ bin/rails:9
  [1m[35m (0.7ms)[0m  [1m[35mBEGIN[0m
  ↳ bin/rails:9
  [1m[36mActiveRecord::InternalMetadata Create (2.8ms)[0m  [1m[32mINSERT INTO "ar_internal_metadata" ("key", "value", "created_at", "updated_at") VALUES ($1, $2, $3, $4) RETURNING "key"[0m  [["key", "environment"], ["value", "development"], ["created_at", "2020-12-03 20:39:03.932361"], ["updated_at", "2020-12-03 20:39:03.932361"]]
  ↳ bin/rails:9
  [1m[35m (3.6ms)[0m  [1m[35mCOMMIT[0m
  ↳ bin/rails:9
  [1m[35m (0.6ms)[0m  [1m[34mSELECT pg_advisory_unlock(6673910664675292185)[0m
  ↳ bin/rails:9
  [1m[35m (0.5ms)[0m  [1m[34mSELECT "schema_migrations"."version" FROM "schema_migrations" ORDER BY "schema_migrations"."version" ASC[0m
  ↳ bin/rails:9
  [1m[36mUser Load (0.8ms)[0m  [1m[34mSELECT "users".* FROM "users"[0m
  [1m[35m (0.3ms)[0m  [1m[35mBEGIN[0m
  [1m[36mUser Create (1.1ms)[0m  [1m[32mINSERT INTO "users" ("name", "email", "created_at", "updated_at") VALUES ($1, $2, $3, $4) RETURNING "id"[0m  [["name", "One"], ["email", "one@gmail.com"], ["created_at", "2020-12-03 20:44:20.295001"], ["updated_at", "2020-12-03 20:44:20.295001"]]
  [1m[35m (2.2ms)[0m  [1m[35mCOMMIT[0m
  [1m[36mUser Load (0.6ms)[0m  [1m[34mSELECT "users".* FROM "users"[0m
  [1m[35m (0.5ms)[0m  [1m[35mBEGIN[0m
  [1m[36mUser Create (0.5ms)[0m  [1m[32mINSERT INTO "users" ("name", "email", "created_at", "updated_at") VALUES ($1, $2, $3, $4) RETURNING "id"[0m  [["name", "Two"], ["email", "two@gmail.com"], ["created_at", "2020-12-03 20:44:50.404349"], ["updated_at", "2020-12-03 20:44:50.404349"]]
  [1m[35m (12.0ms)[0m  [1m[35mCOMMIT[0m
  [1m[36mUser Load (0.7ms)[0m  [1m[34mSELECT "users".* FROM "users"[0m
Started GET "/users" for ::1 at 2020-12-03 15:46:12 -0500
  [1m[35m (0.9ms)[0m  [1m[34mSELECT "schema_migrations"."version" FROM "schema_migrations" ORDER BY "schema_migrations"."version" ASC[0m
  ↳ /home/daniel/.rbenv/versions/2.5.1/lib/ruby/gems/2.5.0/gems/activerecord-5.2.4.4/lib/active_record/log_subscriber.rb:98
Processing by UsersController#index as */*
  [1m[36mUser Load (1.6ms)[0m  [1m[34mSELECT "users".* FROM "users"[0m
  ↳ app/controllers/users_controller.rb:4
Completed 200 OK in 123ms (Views: 23.2ms | ActiveRecord: 7.7ms)


Started GET "/users" for ::1 at 2020-12-03 15:58:32 -0500
Processing by UsersController#index as HTML
  [1m[36mUser Load (1.3ms)[0m  [1m[34mSELECT "users".* FROM "users"[0m
  ↳ app/controllers/users_controller.rb:4
Completed 200 OK in 16ms (Views: 10.7ms | ActiveRecord: 1.3ms)


Started POST "/users" for ::1 at 2020-12-03 15:58:54 -0500
Processing by UsersController#create as */*
Completed 200 OK in 2ms (Views: 0.7ms | ActiveRecord: 0.0ms)


Started POST "/users?something=5" for ::1 at 2020-12-03 16:02:06 -0500
Processing by UsersController#create as */*
  Parameters: {"something"=>"5"}
Completed 200 OK in 2ms (Views: 0.7ms | ActiveRecord: 0.0ms)


Started POST "/users?something/abcd=556" for ::1 at 2020-12-03 16:02:27 -0500
Processing by UsersController#create as */*
  Parameters: {"something/abcd"=>"556"}
Completed 200 OK in 1ms (Views: 0.3ms | ActiveRecord: 0.0ms)


Started POST "//users?some_category[a_key]=another+value&some_category[a_second_key]=yet+another+value" for ::1 at 2020-12-03 16:03:05 -0500
Processing by UsersController#create as */*
  Parameters: {"some_category"=>{"a_key"=>"another value", "a_second_key"=>"yet another value"}}
Completed 200 OK in 3ms (Views: 1.7ms | ActiveRecord: 0.0ms)


Started POST "/users?some_category[a_key]=another+value&some_category[a_second_key]=yet+another+value" for ::1 at 2020-12-03 16:03:17 -0500
Processing by UsersController#create as */*
  Parameters: {"some_category"=>{"a_key"=>"another value", "a_second_key"=>"yet another value"}}
Completed 200 OK in 1ms (Views: 0.3ms | ActiveRecord: 0.0ms)


Started POST "/users" for ::1 at 2020-12-03 16:04:25 -0500
Processing by UsersController#create as */*
Completed 200 OK in 11ms (Views: 5.8ms | ActiveRecord: 0.0ms)


Started POST "//users?some_category[a_key]=another+value&some_category[a_second_key]=yet+another+value" for ::1 at 2020-12-03 16:04:38 -0500
Processing by UsersController#create as */*
  Parameters: {"some_category"=>{"a_key"=>"another value", "a_second_key"=>"yet another value"}}
Completed 200 OK in 3ms (Views: 1.8ms | ActiveRecord: 0.0ms)


Started POST "//users?some_category[a_key]=another+value&some_category[a_second_key]=yet+another+value" for ::1 at 2020-12-03 16:05:18 -0500
Error occurred while parsing request parameters.
Contents:

some_category[5]: 'another value'
some_category[a_second_key]: 'yet another value'
some_category[inner_inner_hash][key]: 'value'
something_else: 'aaahhhhh'

ActionDispatch::Http::Parameters::ParseError - 765: unexpected token at 'some_category[5]: 'another value'
some_category[a_second_key]: 'yet another value'
some_category[inner_inner_hash][key]: 'value'
something_else: 'aaahhhhh'':

Started POST "//users?some_category[a_key]=another+value&some_category[a_second_key]=yet+another+value" for ::1 at 2020-12-03 16:05:23 -0500
Processing by UsersController#create as */*
  Parameters: {"some_category"=>{"a_key"=>"another value", "a_second_key"=>"yet another value"}}
Completed 200 OK in 3ms (Views: 0.9ms | ActiveRecord: 0.0ms)


Started POST "//users?some_category[a_key]=another+value&some_category[a_second_key]=yet+another+value=something_else[%27aaahhhhh%27]" for ::1 at 2020-12-03 16:06:32 -0500
Processing by UsersController#create as */*
  Parameters: {"some_category"=>{"a_key"=>"another value", "a_second_key"=>"yet another value=something_else['aaahhhhh']"}}
Completed 200 OK in 2ms (Views: 0.5ms | ActiveRecord: 0.0ms)


Started POST "//users?some_category[a_key]=another+value&some_category[a_second_key]=yet+another+value;something_else[%27aaahhhhh%27]" for ::1 at 2020-12-03 16:07:07 -0500
Processing by UsersController#create as */*
  Parameters: {"some_category"=>{"a_key"=>"another value", "a_second_key"=>"yet another value"}, "something_else"=>{"'aaahhhhh'"=>nil}}
Completed 200 OK in 2ms (Views: 0.6ms | ActiveRecord: 0.0ms)


Started POST "//users?some_category[a_key]=another+value&some_category[a_second_key]=yet+another+value;something_else=%27aaahhhhh%27" for ::1 at 2020-12-03 16:07:32 -0500
Processing by UsersController#create as */*
  Parameters: {"some_category"=>{"a_key"=>"another value", "a_second_key"=>"yet another value"}, "something_else"=>"'aaahhhhh'"}
Completed 200 OK in 2ms (Views: 1.0ms | ActiveRecord: 0.0ms)


Started POST "//users?some_category[a_key]=another+value&some_category[a_second_key]=yet+another+value;something_else=%27aaahhhhh%27" for ::1 at 2020-12-03 16:08:07 -0500
Processing by UsersController#create as */*
  Parameters: {"some_category"=>{"a_key"=>"another value", "a_second_key"=>"yet another value"}, "something_else"=>"'aaahhhhh'"}
Completed 200 OK in 2ms (Views: 0.8ms | ActiveRecord: 0.0ms)


Started POST "/users/5?some_category[a_key]=another+value&some_category[a_second_key]=yet+another+value;something_else=%27aaahhhhh%27" for ::1 at 2020-12-03 16:08:25 -0500
  
ActionController::RoutingError (No route matches [POST] "/users/5"):
  
actionpack (5.2.4.4) lib/action_dispatch/middleware/debug_exceptions.rb:65:in `call'
web-console (3.7.0) lib/web_console/middleware.rb:135:in `call_app'
web-console (3.7.0) lib/web_console/middleware.rb:30:in `block in call'
web-console (3.7.0) lib/web_console/middleware.rb:20:in `catch'
web-console (3.7.0) lib/web_console/middleware.rb:20:in `call'
actionpack (5.2.4.4) lib/action_dispatch/middleware/show_exceptions.rb:33:in `call'
railties (5.2.4.4) lib/rails/rack/logger.rb:38:in `call_app'
railties (5.2.4.4) lib/rails/rack/logger.rb:26:in `block in call'
activesupport (5.2.4.4) lib/active_support/tagged_logging.rb:71:in `block in tagged'
activesupport (5.2.4.4) lib/active_support/tagged_logging.rb:28:in `tagged'
activesupport (5.2.4.4) lib/active_support/tagged_logging.rb:71:in `tagged'
railties (5.2.4.4) lib/rails/rack/logger.rb:26:in `call'
sprockets-rails (3.2.2) lib/sprockets/rails/quiet_assets.rb:13:in `call'
actionpack (5.2.4.4) lib/action_dispatch/middleware/remote_ip.rb:81:in `call'
actionpack (5.2.4.4) lib/action_dispatch/middleware/request_id.rb:27:in `call'
rack (2.2.3) lib/rack/method_override.rb:24:in `call'
rack (2.2.3) lib/rack/runtime.rb:22:in `call'
activesupport (5.2.4.4) lib/active_support/cache/strategy/local_cache_middleware.rb:29:in `call'
actionpack (5.2.4.4) lib/action_dispatch/middleware/executor.rb:14:in `call'
actionpack (5.2.4.4) lib/action_dispatch/middleware/static.rb:127:in `call'
rack (2.2.3) lib/rack/sendfile.rb:110:in `call'
railties (5.2.4.4) lib/rails/engine.rb:524:in `call'
puma (3.12.6) lib/puma/configuration.rb:227:in `call'
puma (3.12.6) lib/puma/server.rb:706:in `handle_request'
puma (3.12.6) lib/puma/server.rb:476:in `process_client'
puma (3.12.6) lib/puma/server.rb:334:in `block in run'
puma (3.12.6) lib/puma/thread_pool.rb:135:in `block in spawn_thread'
Started POST "/users?some_category[a_key]=another+value&some_category[a_second_key]=yet+another+value;something_else=%27aaahhhhh%27" for ::1 at 2020-12-03 16:08:48 -0500
Processing by UsersController#create as */*
  Parameters: {"some_category"=>{"a_key"=>"another value", "a_second_key"=>"yet another value"}, "something_else"=>"'aaahhhhh'"}
Completed 200 OK in 3ms (Views: 1.2ms | ActiveRecord: 0.0ms)


Started POST "/users?/id%20=%205&some_category[a_key]=another+value&some_category[a_second_key]=yet+another+value&something_else=%27aaahhhhh%27" for ::1 at 2020-12-03 16:09:49 -0500
Processing by UsersController#create as */*
  Parameters: {"/id "=>" 5", "some_category"=>{"a_key"=>"another value", "a_second_key"=>"yet another value"}, "something_else"=>"'aaahhhhh'"}
Completed 200 OK in 3ms (Views: 1.2ms | ActiveRecord: 0.0ms)


Started POST "/users?id%20=%205&some_category[a_key]=another+value&some_category[a_second_key]=yet+another+value&something_else=%27aaahhhhh%27" for ::1 at 2020-12-03 16:10:03 -0500
Processing by UsersController#create as */*
  Parameters: {"id "=>" 5", "some_category"=>{"a_key"=>"another value", "a_second_key"=>"yet another value"}, "something_else"=>"'aaahhhhh'"}
Completed 200 OK in 2ms (Views: 0.6ms | ActiveRecord: 0.0ms)


Started GET "/users?id%20=%205&some_category[a_key]=another+value&some_category[a_second_key]=yet+another+value&something_else=%27aaahhhhh%27" for ::1 at 2020-12-03 16:10:29 -0500
Processing by UsersController#index as */*
  Parameters: {"id "=>" 5", "some_category"=>{"a_key"=>"another value", "a_second_key"=>"yet another value"}, "something_else"=>"'aaahhhhh'"}
  [1m[36mUser Load (0.9ms)[0m  [1m[34mSELECT "users".* FROM "users"[0m
  ↳ app/controllers/users_controller.rb:4
Completed 200 OK in 5ms (Views: 3.5ms | ActiveRecord: 0.9ms)


Started GET "/users?id%20=%205&some_category[a_key]=another+value&some_category[a_second_key]=yet+another+value&something_else=%27aaahhhhh%27" for ::1 at 2020-12-03 16:10:42 -0500
Processing by UsersController#index as */*
  Parameters: {"id "=>" 5", "some_category"=>{"a_key"=>"another value", "a_second_key"=>"yet another value"}, "something_else"=>"'aaahhhhh'"}
  [1m[36mUser Load (1.7ms)[0m  [1m[34mSELECT "users".* FROM "users"[0m
  ↳ app/controllers/users_controller.rb:4
Completed 200 OK in 14ms (Views: 11.5ms | ActiveRecord: 1.7ms)


Started GET "/users/5" for ::1 at 2020-12-03 16:11:16 -0500
Processing by UsersController#show as */*
  Parameters: {"id"=>"5"}
Completed 200 OK in 2ms (Views: 0.5ms | ActiveRecord: 0.0ms)


Started GET "/users" for ::1 at 2020-12-03 16:11:22 -0500
Processing by UsersController#index as */*
  [1m[36mUser Load (0.8ms)[0m  [1m[34mSELECT "users".* FROM "users"[0m
  ↳ app/controllers/users_controller.rb:4
Completed 200 OK in 7ms (Views: 4.8ms | ActiveRecord: 0.8ms)


Started PUT "/users?name=Three&email=three@gmail.com" for ::1 at 2020-12-03 16:13:36 -0500
  
ActionController::RoutingError (No route matches [PUT] "/users"):
  
actionpack (5.2.4.4) lib/action_dispatch/middleware/debug_exceptions.rb:65:in `call'
web-console (3.7.0) lib/web_console/middleware.rb:135:in `call_app'
web-console (3.7.0) lib/web_console/middleware.rb:30:in `block in call'
web-console (3.7.0) lib/web_console/middleware.rb:20:in `catch'
web-console (3.7.0) lib/web_console/middleware.rb:20:in `call'
actionpack (5.2.4.4) lib/action_dispatch/middleware/show_exceptions.rb:33:in `call'
railties (5.2.4.4) lib/rails/rack/logger.rb:38:in `call_app'
railties (5.2.4.4) lib/rails/rack/logger.rb:26:in `block in call'
activesupport (5.2.4.4) lib/active_support/tagged_logging.rb:71:in `block in tagged'
activesupport (5.2.4.4) lib/active_support/tagged_logging.rb:28:in `tagged'
activesupport (5.2.4.4) lib/active_support/tagged_logging.rb:71:in `tagged'
railties (5.2.4.4) lib/rails/rack/logger.rb:26:in `call'
sprockets-rails (3.2.2) lib/sprockets/rails/quiet_assets.rb:13:in `call'
actionpack (5.2.4.4) lib/action_dispatch/middleware/remote_ip.rb:81:in `call'
actionpack (5.2.4.4) lib/action_dispatch/middleware/request_id.rb:27:in `call'
rack (2.2.3) lib/rack/method_override.rb:24:in `call'
rack (2.2.3) lib/rack/runtime.rb:22:in `call'
activesupport (5.2.4.4) lib/active_support/cache/strategy/local_cache_middleware.rb:29:in `call'
actionpack (5.2.4.4) lib/action_dispatch/middleware/executor.rb:14:in `call'
actionpack (5.2.4.4) lib/action_dispatch/middleware/static.rb:127:in `call'
rack (2.2.3) lib/rack/sendfile.rb:110:in `call'
railties (5.2.4.4) lib/rails/engine.rb:524:in `call'
puma (3.12.6) lib/puma/configuration.rb:227:in `call'
puma (3.12.6) lib/puma/server.rb:706:in `handle_request'
puma (3.12.6) lib/puma/server.rb:476:in `process_client'
puma (3.12.6) lib/puma/server.rb:334:in `block in run'
puma (3.12.6) lib/puma/thread_pool.rb:135:in `block in spawn_thread'
Started POST "/users?name=Three&email=three@gmail.com" for ::1 at 2020-12-03 16:14:07 -0500
Processing by UsersController#create as */*
  Parameters: {"name"=>"Three", "email"=>"three@gmail.com"}
Completed 200 OK in 2ms (Views: 0.6ms | ActiveRecord: 0.0ms)


Started GET "/users" for ::1 at 2020-12-03 16:14:18 -0500
Processing by UsersController#index as */*
  [1m[36mUser Load (0.6ms)[0m  [1m[34mSELECT "users".* FROM "users"[0m
  ↳ app/controllers/users_controller.rb:4
Completed 200 OK in 5ms (Views: 3.4ms | ActiveRecord: 0.6ms)


  [1m[36mUser Load (0.7ms)[0m  [1m[34mSELECT "users".* FROM "users"[0m
Started POST "/users?name=Three&email=three@gmail.com" for ::1 at 2020-12-03 16:16:03 -0500
  [1m[35m (0.9ms)[0m  [1m[34mSELECT "schema_migrations"."version" FROM "schema_migrations" ORDER BY "schema_migrations"."version" ASC[0m
  ↳ /home/daniel/.rbenv/versions/2.5.1/lib/ruby/gems/2.5.0/gems/activerecord-5.2.4.4/lib/active_record/log_subscriber.rb:98
Processing by UsersController#create as */*
  Parameters: {"name"=>"Three", "email"=>"three@gmail.com"}
Completed 400 Bad Request in 59ms (ActiveRecord: 0.0ms)



ActionController::ParameterMissing - param is missing or the value is empty: user:
  app/controllers/users_controller.rb:18:in `create'

Started POST "/user?name=Three&email=three@gmail.com" for ::1 at 2020-12-03 16:16:27 -0500
  
ActionController::RoutingError (No route matches [POST] "/user"):
  
actionpack (5.2.4.4) lib/action_dispatch/middleware/debug_exceptions.rb:65:in `call'
web-console (3.7.0) lib/web_console/middleware.rb:135:in `call_app'
web-console (3.7.0) lib/web_console/middleware.rb:30:in `block in call'
web-console (3.7.0) lib/web_console/middleware.rb:20:in `catch'
web-console (3.7.0) lib/web_console/middleware.rb:20:in `call'
actionpack (5.2.4.4) lib/action_dispatch/middleware/show_exceptions.rb:33:in `call'
railties (5.2.4.4) lib/rails/rack/logger.rb:38:in `call_app'
railties (5.2.4.4) lib/rails/rack/logger.rb:26:in `block in call'
activesupport (5.2.4.4) lib/active_support/tagged_logging.rb:71:in `block in tagged'
activesupport (5.2.4.4) lib/active_support/tagged_logging.rb:28:in `tagged'
activesupport (5.2.4.4) lib/active_support/tagged_logging.rb:71:in `tagged'
railties (5.2.4.4) lib/rails/rack/logger.rb:26:in `call'
sprockets-rails (3.2.2) lib/sprockets/rails/quiet_assets.rb:13:in `call'
actionpack (5.2.4.4) lib/action_dispatch/middleware/remote_ip.rb:81:in `call'
actionpack (5.2.4.4) lib/action_dispatch/middleware/request_id.rb:27:in `call'
rack (2.2.3) lib/rack/method_override.rb:24:in `call'
rack (2.2.3) lib/rack/runtime.rb:22:in `call'
activesupport (5.2.4.4) lib/active_support/cache/strategy/local_cache_middleware.rb:29:in `call'
actionpack (5.2.4.4) lib/action_dispatch/middleware/executor.rb:14:in `call'
actionpack (5.2.4.4) lib/action_dispatch/middleware/static.rb:127:in `call'
rack (2.2.3) lib/rack/sendfile.rb:110:in `call'
railties (5.2.4.4) lib/rails/engine.rb:524:in `call'
puma (3.12.6) lib/puma/configuration.rb:227:in `call'
puma (3.12.6) lib/puma/server.rb:706:in `handle_request'
puma (3.12.6) lib/puma/server.rb:476:in `process_client'
puma (3.12.6) lib/puma/server.rb:334:in `block in run'
puma (3.12.6) lib/puma/thread_pool.rb:135:in `block in spawn_thread'
Started POST "/users?name=Three&email=three@gmail.com" for ::1 at 2020-12-03 16:16:35 -0500
Processing by UsersController#create as */*
  Parameters: {"name"=>"Three", "email"=>"three@gmail.com"}
Completed 400 Bad Request in 4ms (ActiveRecord: 0.0ms)



ActionController::ParameterMissing - param is missing or the value is empty: user:
  app/controllers/users_controller.rb:18:in `create'

Started POST "/users?name=Three&email=three@gmail.com" for ::1 at 2020-12-03 16:16:53 -0500
Processing by UsersController#create as */*
  Parameters: {"name"=>"Three", "email"=>"three@gmail.com"}
Completed 400 Bad Request in 9ms (ActiveRecord: 0.0ms)



ActionController::ParameterMissing - param is missing or the value is empty: user:
  app/controllers/users_controller.rb:18:in `create'

Started POST "/users?name=Three&email=three@gmail.com" for ::1 at 2020-12-03 16:16:57 -0500
Processing by UsersController#create as */*
  Parameters: {"name"=>"Three", "email"=>"three@gmail.com"}
Completed 400 Bad Request in 2ms (ActiveRecord: 0.0ms)



ActionController::ParameterMissing - param is missing or the value is empty: user:
  app/controllers/users_controller.rb:18:in `create'

Started POST "/users?name=Three&email=three@gmail.com" for ::1 at 2020-12-03 16:18:42 -0500
Processing by UsersController#create as */*
  Parameters: {"name"=>"Three", "email"=>"three@gmail.com"}
Completed 400 Bad Request in 9ms (ActiveRecord: 0.0ms)



ActionController::ParameterMissing - param is missing or the value is empty: user:
  app/controllers/users_controller.rb:18:in `create'

Started POST "/users?name=Three&email=three@gmail.com" for ::1 at 2020-12-03 16:18:44 -0500
Processing by UsersController#create as */*
  Parameters: {"name"=>"Three", "email"=>"three@gmail.com"}
Completed 400 Bad Request in 2ms (ActiveRecord: 0.0ms)



ActionController::ParameterMissing - param is missing or the value is empty: user:
  app/controllers/users_controller.rb:18:in `create'

Started POST "/users?user=3&name=Three&email=three@gmail.com" for ::1 at 2020-12-03 16:20:12 -0500
  [1m[35m (0.7ms)[0m  [1m[34mSELECT "schema_migrations"."version" FROM "schema_migrations" ORDER BY "schema_migrations"."version" ASC[0m
  ↳ /home/daniel/.rbenv/versions/2.5.1/lib/ruby/gems/2.5.0/gems/activerecord-5.2.4.4/lib/active_record/log_subscriber.rb:98
Processing by UsersController#create as */*
  Parameters: {"user"=>"3", "name"=>"Three", "email"=>"three@gmail.com"}
Completed 500 Internal Server Error in 47ms (ActiveRecord: 0.0ms)



NoMethodError - undefined method `permit' for "3":String:
  app/controllers/users_controller.rb:18:in `create'

Started POST "/users?name=Three&email=three@gmail.com" for ::1 at 2020-12-03 16:20:19 -0500
Processing by UsersController#create as */*
  Parameters: {"name"=>"Three", "email"=>"three@gmail.com"}
Completed 400 Bad Request in 2ms (ActiveRecord: 0.0ms)



ActionController::ParameterMissing - param is missing or the value is empty: user:
  app/controllers/users_controller.rb:18:in `create'

Started POST "/users?name=Three&email=three@gmail.com" for ::1 at 2020-12-03 16:20:57 -0500
Processing by UsersController#create as */*
  Parameters: {"name"=>"Three", "email"=>"three@gmail.com"}
Completed 400 Bad Request in 3ms (ActiveRecord: 0.0ms)



ActionController::ParameterMissing - param is missing or the value is empty: user:
  app/controllers/users_controller.rb:18:in `create'

Started POST "/users?name=Three&email=three@gmail.com" for ::1 at 2020-12-03 16:20:59 -0500
Processing by UsersController#create as */*
  Parameters: {"name"=>"Three", "email"=>"three@gmail.com"}
Completed 400 Bad Request in 8ms (ActiveRecord: 0.0ms)



ActionController::ParameterMissing - param is missing or the value is empty: user:
  app/controllers/users_controller.rb:18:in `create'

Started POST "/users?name=Three&email=three@gmail.com" for ::1 at 2020-12-03 16:21:10 -0500
  [1m[35m (0.5ms)[0m  [1m[34mSELECT "schema_migrations"."version" FROM "schema_migrations" ORDER BY "schema_migrations"."version" ASC[0m
  ↳ /home/daniel/.rbenv/versions/2.5.1/lib/ruby/gems/2.5.0/gems/activerecord-5.2.4.4/lib/active_record/log_subscriber.rb:98
Processing by UsersController#create as */*
  Parameters: {"name"=>"Three", "email"=>"three@gmail.com"}
Completed 400 Bad Request in 46ms (ActiveRecord: 0.0ms)



ActionController::ParameterMissing - param is missing or the value is empty: users:
  app/controllers/users_controller.rb:18:in `create'

Started POST "/users?:name=Three&:email=three@gmail.com" for ::1 at 2020-12-03 16:22:38 -0500
  [1m[35m (0.5ms)[0m  [1m[34mSELECT "schema_migrations"."version" FROM "schema_migrations" ORDER BY "schema_migrations"."version" ASC[0m
  ↳ /home/daniel/.rbenv/versions/2.5.1/lib/ruby/gems/2.5.0/gems/activerecord-5.2.4.4/lib/active_record/log_subscriber.rb:98
Processing by UsersController#create as */*
  Parameters: {":name"=>"Three", ":email"=>"three@gmail.com"}
Completed 400 Bad Request in 43ms (ActiveRecord: 0.0ms)



ActionController::ParameterMissing - param is missing or the value is empty: user:
  app/controllers/users_controller.rb:18:in `create'

Started POST "/users?name=Three&email=three@gmail.com" for ::1 at 2020-12-03 16:24:56 -0500
  [1m[35m (0.6ms)[0m  [1m[34mSELECT "schema_migrations"."version" FROM "schema_migrations" ORDER BY "schema_migrations"."version" ASC[0m
  ↳ /home/daniel/.rbenv/versions/2.5.1/lib/ruby/gems/2.5.0/gems/activerecord-5.2.4.4/lib/active_record/log_subscriber.rb:98
Processing by UsersController#create as */*
  Parameters: {"name"=>"Three", "email"=>"three@gmail.com"}
Completed 400 Bad Request in 53ms (ActiveRecord: 0.0ms)



ActionController::ParameterMissing - param is missing or the value is empty: user:
  app/controllers/users_controller.rb:36:in `user_params'
  app/controllers/users_controller.rb:18:in `create'

Started POST "/users" for ::1 at 2020-12-03 16:25:56 -0500
Processing by UsersController#create as */*
  Parameters: {"user"=>"name: 'Three', email: 'three'"}
Completed 500 Internal Server Error in 15ms (ActiveRecord: 0.0ms)



NoMethodError - undefined method `permit' for "name: 'Three', email: 'three'":String:
  app/controllers/users_controller.rb:36:in `user_params'
  app/controllers/users_controller.rb:18:in `create'

Started POST "/users" for ::1 at 2020-12-03 16:26:07 -0500
Processing by UsersController#create as */*
  Parameters: {"user"=>"name: 'Three'"}
Completed 500 Internal Server Error in 5ms (ActiveRecord: 0.0ms)



NoMethodError - undefined method `permit' for "name: 'Three'":String:
  app/controllers/users_controller.rb:36:in `user_params'
  app/controllers/users_controller.rb:18:in `create'

Started POST "/users" for ::1 at 2020-12-03 16:26:27 -0500
Processing by UsersController#create as */*
  Parameters: {"user"=>"name"}
Completed 500 Internal Server Error in 5ms (ActiveRecord: 0.0ms)



NoMethodError - undefined method `permit' for "name":String:
  app/controllers/users_controller.rb:36:in `user_params'
  app/controllers/users_controller.rb:18:in `create'

Started POST "/users" for ::1 at 2020-12-03 16:26:38 -0500
Processing by UsersController#create as */*
  Parameters: {"user"=>":name"}
Completed 500 Internal Server Error in 5ms (ActiveRecord: 0.0ms)



NoMethodError - undefined method `permit' for ":name":String:
  app/controllers/users_controller.rb:36:in `user_params'
  app/controllers/users_controller.rb:18:in `create'

Started POST "/users" for ::1 at 2020-12-03 16:26:45 -0500
Processing by UsersController#create as */*
  Parameters: {"user"=>""}
Completed 400 Bad Request in 6ms (ActiveRecord: 0.0ms)



ActionController::ParameterMissing - param is missing or the value is empty: user:
  app/controllers/users_controller.rb:36:in `user_params'
  app/controllers/users_controller.rb:18:in `create'

Started POST "/users" for ::1 at 2020-12-03 16:27:15 -0500
Processing by UsersController#create as */*
  Parameters: {"user"=>"{name: 'Three', email: 'three'}"}
Completed 500 Internal Server Error in 8ms (ActiveRecord: 0.0ms)



NoMethodError - undefined method `permit' for "{name: 'Three', email: 'three'}":String:
  app/controllers/users_controller.rb:36:in `user_params'
  app/controllers/users_controller.rb:18:in `create'

Started POST "/users" for ::1 at 2020-12-03 16:28:44 -0500
Processing by UsersController#create as */*
  Parameters: {"user"=>""}
Completed 400 Bad Request in 2ms (ActiveRecord: 0.0ms)



ActionController::ParameterMissing - param is missing or the value is empty: user:
  app/controllers/users_controller.rb:36:in `user_params'
  app/controllers/users_controller.rb:18:in `create'

Started POST "/users" for ::1 at 2020-12-03 16:28:59 -0500
Processing by UsersController#create as */*
  Parameters: {"user"=>"User.name"}
Completed 500 Internal Server Error in 5ms (ActiveRecord: 0.0ms)



NoMethodError - undefined method `permit' for "User.name":String:
  app/controllers/users_controller.rb:36:in `user_params'
  app/controllers/users_controller.rb:18:in `create'

Started POST "/users" for ::1 at 2020-12-03 16:29:33 -0500
Processing by UsersController#create as */*
Completed 400 Bad Request in 2ms (ActiveRecord: 0.0ms)



ActionController::ParameterMissing - param is missing or the value is empty: user:
  app/controllers/users_controller.rb:36:in `user_params'
  app/controllers/users_controller.rb:18:in `create'

Started POST "/users" for ::1 at 2020-12-03 16:29:48 -0500
Processing by UsersController#create as */*
  Parameters: {"user"=>"3"}
Completed 500 Internal Server Error in 5ms (ActiveRecord: 0.0ms)



NoMethodError - undefined method `permit' for "3":String:
  app/controllers/users_controller.rb:36:in `user_params'
  app/controllers/users_controller.rb:18:in `create'

Started POST "/users" for ::1 at 2020-12-03 16:30:12 -0500
Processing by UsersController#create as */*
  Parameters: {"user"=>"", "name"=>""}
Completed 400 Bad Request in 4ms (ActiveRecord: 0.0ms)



ActionController::ParameterMissing - param is missing or the value is empty: user:
  app/controllers/users_controller.rb:36:in `user_params'
  app/controllers/users_controller.rb:18:in `create'

Started POST "/users" for ::1 at 2020-12-03 16:30:25 -0500
Processing by UsersController#create as */*
  Parameters: {"user"=>""}
Completed 400 Bad Request in 2ms (ActiveRecord: 0.0ms)



ActionController::ParameterMissing - param is missing or the value is empty: user:
  app/controllers/users_controller.rb:36:in `user_params'
  app/controllers/users_controller.rb:18:in `create'

Started POST "//users?user[name]=%27Three%27&user[email]=%27three%27" for ::1 at 2020-12-03 16:32:24 -0500
Processing by UsersController#create as */*
  Parameters: {"user"=>{"name"=>"'Three'", "email"=>"'three'"}}
  [1m[35m (1.0ms)[0m  [1m[35mBEGIN[0m
  ↳ app/controllers/users_controller.rb:19
  [1m[36mUser Create (4.2ms)[0m  [1m[32mINSERT INTO "users" ("name", "email", "created_at", "updated_at") VALUES ($1, $2, $3, $4) RETURNING "id"[0m  [["name", "'Three'"], ["email", "'three'"], ["created_at", "2020-12-03 21:32:24.526403"], ["updated_at", "2020-12-03 21:32:24.526403"]]
  ↳ app/controllers/users_controller.rb:19
  [1m[35m (7.4ms)[0m  [1m[35mCOMMIT[0m
  ↳ app/controllers/users_controller.rb:19
Completed 200 OK in 58ms (Views: 1.5ms | ActiveRecord: 27.5ms)


Started GET "//users" for ::1 at 2020-12-03 16:33:05 -0500
Processing by UsersController#index as */*
  Parameters: {"user"=>""}
  [1m[36mUser Load (0.6ms)[0m  [1m[34mSELECT "users".* FROM "users"[0m
  ↳ app/controllers/users_controller.rb:4
Completed 200 OK in 114ms (Views: 112.4ms | ActiveRecord: 0.6ms)


  [1m[35m (840.3ms)[0m  [1m[35mCREATE TABLE "schema_migrations" ("version" character varying NOT NULL PRIMARY KEY)[0m
  ↳ bin/rails:9
  [1m[35m (269.7ms)[0m  [1m[35mCREATE TABLE "ar_internal_metadata" ("key" character varying NOT NULL PRIMARY KEY, "value" character varying, "created_at" timestamp NOT NULL, "updated_at" timestamp NOT NULL)[0m
  ↳ bin/rails:9
  [1m[35m (20.8ms)[0m  [1m[34mSELECT pg_try_advisory_lock(6673910664675292185)[0m
  ↳ bin/rails:9
  [1m[35m (1.3ms)[0m  [1m[34mSELECT "schema_migrations"."version" FROM "schema_migrations" ORDER BY "schema_migrations"."version" ASC[0m
  ↳ bin/rails:9
Migrating to CreateUsers (20201203203647)
  [1m[35m (1.8ms)[0m  [1m[35mBEGIN[0m
  ↳ bin/rails:9
  [1m[35m (204.4ms)[0m  [1m[35mCREATE TABLE "users" ("id" bigserial primary key, "name" character varying NOT NULL, "email" character varying NOT NULL, "created_at" timestamp NOT NULL, "updated_at" timestamp NOT NULL)[0m
  ↳ db/migrate/20201203203647_create_users.rb:3
  [1m[36mActiveRecord::SchemaMigration Create (1.3ms)[0m  [1m[32mINSERT INTO "schema_migrations" ("version") VALUES ($1) RETURNING "version"[0m  [["version", "20201203203647"]]
  ↳ bin/rails:9
  [1m[35m (35.6ms)[0m  [1m[35mCOMMIT[0m
  ↳ bin/rails:9
Migrating to UpdateUser (20201203214938)
  [1m[35m (1.5ms)[0m  [1m[35mBEGIN[0m
  ↳ bin/rails:9
  [1m[35m (23.2ms)[0m  [1m[35mALTER TABLE "users" DROP COLUMN "name"[0m
  ↳ db/migrate/20201203214938_update_user.rb:3
  [1m[35m (0.5ms)[0m  [1m[35mALTER TABLE "users" DROP COLUMN "email"[0m
  ↳ db/migrate/20201203214938_update_user.rb:4
  [1m[35m (2.8ms)[0m  [1m[31mROLLBACK[0m
  ↳ bin/rails:9
  [1m[35m (0.4ms)[0m  [1m[34mSELECT pg_advisory_unlock(6673910664675292185)[0m
  ↳ bin/rails:9
  [1m[35m (0.6ms)[0m  [1m[34mSELECT pg_try_advisory_lock(6673910664675292185)[0m
  ↳ bin/rails:9
  [1m[35m (6.9ms)[0m  [1m[34mSELECT "schema_migrations"."version" FROM "schema_migrations" ORDER BY "schema_migrations"."version" ASC[0m
  ↳ bin/rails:9
Migrating to UpdateUser (20201203214938)
  [1m[35m (0.3ms)[0m  [1m[35mBEGIN[0m
  ↳ bin/rails:9
  [1m[35m (1.2ms)[0m  [1m[35mALTER TABLE "users" DROP COLUMN "name"[0m
  ↳ db/migrate/20201203214938_update_user.rb:3
  [1m[35m (0.7ms)[0m  [1m[35mALTER TABLE "users" DROP COLUMN "email"[0m
  ↳ db/migrate/20201203214938_update_user.rb:4
  [1m[35m (3.2ms)[0m  [1m[35mALTER TABLE "users" ADD "username" character varying NOT NULL[0m
  ↳ db/migrate/20201203214938_update_user.rb:5
  [1m[36mActiveRecord::SchemaMigration Create (1.2ms)[0m  [1m[32mINSERT INTO "schema_migrations" ("version") VALUES ($1) RETURNING "version"[0m  [["version", "20201203214938"]]
  ↳ bin/rails:9
  [1m[35m (34.3ms)[0m  [1m[35mCOMMIT[0m
  ↳ bin/rails:9
  [1m[36mActiveRecord::InternalMetadata Load (0.9ms)[0m  [1m[34mSELECT  "ar_internal_metadata".* FROM "ar_internal_metadata" WHERE "ar_internal_metadata"."key" = $1 LIMIT $2[0m  [["key", "environment"], ["LIMIT", 1]]
  ↳ bin/rails:9
  [1m[35m (0.4ms)[0m  [1m[35mBEGIN[0m
  ↳ bin/rails:9
  [1m[36mActiveRecord::InternalMetadata Create (1.5ms)[0m  [1m[32mINSERT INTO "ar_internal_metadata" ("key", "value", "created_at", "updated_at") VALUES ($1, $2, $3, $4) RETURNING "key"[0m  [["key", "environment"], ["value", "development"], ["created_at", "2020-12-03 21:52:36.395345"], ["updated_at", "2020-12-03 21:52:36.395345"]]
  ↳ bin/rails:9
  [1m[35m (60.4ms)[0m  [1m[35mCOMMIT[0m
  ↳ bin/rails:9
  [1m[35m (0.5ms)[0m  [1m[34mSELECT pg_advisory_unlock(6673910664675292185)[0m
  ↳ bin/rails:9
  [1m[35m (0.6ms)[0m  [1m[34mSELECT "schema_migrations"."version" FROM "schema_migrations" ORDER BY "schema_migrations"."version" ASC[0m
  ↳ bin/rails:9
  [1m[36mUser Load (27.7ms)[0m  [1m[34mSELECT "users".* FROM "users"[0m
  [1m[35m (0.3ms)[0m  [1m[35mBEGIN[0m
  [1m[36mUser Exists (0.6ms)[0m  [1m[34mSELECT  1 AS one FROM "users" WHERE "users"."username" = $1 LIMIT $2[0m  [["username", "kai"], ["LIMIT", 1]]
  [1m[36mUser Create (0.9ms)[0m  [1m[32mINSERT INTO "users" ("created_at", "updated_at", "username") VALUES ($1, $2, $3) RETURNING "id"[0m  [["created_at", "2020-12-03 21:56:33.057008"], ["updated_at", "2020-12-03 21:56:33.057008"], ["username", "kai"]]
  [1m[35m (63.4ms)[0m  [1m[35mCOMMIT[0m
  [1m[36mUser Load (0.5ms)[0m  [1m[34mSELECT "users".* FROM "users"[0m
  [1m[36mUser Load (0.4ms)[0m  [1m[34mSELECT  "users".* FROM "users" WHERE "users"."id" = $1 LIMIT $2[0m  [["id", 0], ["LIMIT", 1]]
  [1m[36mUser Load (0.4ms)[0m  [1m[34mSELECT  "users".* FROM "users" WHERE "users"."id" = $1 LIMIT $2[0m  [["id", 1], ["LIMIT", 1]]
  [1m[35m (0.2ms)[0m  [1m[35mBEGIN[0m
  [1m[36mUser Destroy (0.5ms)[0m  [1m[31mDELETE FROM "users" WHERE "users"."id" = $1[0m  [["id", 1]]
  [1m[35m (53.3ms)[0m  [1m[35mCOMMIT[0m
  [1m[36mUser Load (0.7ms)[0m  [1m[34mSELECT "users".* FROM "users"[0m
  [1m[35m (0.5ms)[0m  [1m[34mSELECT pg_try_advisory_lock(6673910664675292185)[0m
  ↳ bin/rails:9
  [1m[35m (0.9ms)[0m  [1m[34mSELECT "schema_migrations"."version" FROM "schema_migrations" ORDER BY "schema_migrations"."version" ASC[0m
  ↳ bin/rails:9
Migrating to CreateArtworks (20201203215823)
  [1m[35m (0.3ms)[0m  [1m[35mBEGIN[0m
  ↳ bin/rails:9
  [1m[35m (159.2ms)[0m  [1m[35mCREATE TABLE "artworks" ("id" bigserial primary key, "title" character varying NOT NULL, "image_url" character varying NOT NULL, "artist_id" integer NOT NULL, "created_at" timestamp NOT NULL, "updated_at" timestamp NOT NULL)[0m
  ↳ db/migrate/20201203215823_create_artworks.rb:3
  [1m[35m (71.8ms)[0m  [1m[35mCREATE  INDEX  "index_artworks_on_artist_id_and_title" ON "artworks"  ("artist_id", "title")[0m
  ↳ db/migrate/20201203215823_create_artworks.rb:11
  [1m[36mActiveRecord::SchemaMigration Create (0.6ms)[0m  [1m[32mINSERT INTO "schema_migrations" ("version") VALUES ($1) RETURNING "version"[0m  [["version", "20201203215823"]]
  ↳ bin/rails:9
  [1m[35m (38.0ms)[0m  [1m[35mCOMMIT[0m
  ↳ bin/rails:9
  [1m[36mActiveRecord::InternalMetadata Load (0.6ms)[0m  [1m[34mSELECT  "ar_internal_metadata".* FROM "ar_internal_metadata" WHERE "ar_internal_metadata"."key" = $1 LIMIT $2[0m  [["key", "environment"], ["LIMIT", 1]]
  ↳ bin/rails:9
  [1m[35m (0.4ms)[0m  [1m[35mBEGIN[0m
  ↳ bin/rails:9
  [1m[35m (0.2ms)[0m  [1m[35mCOMMIT[0m
  ↳ bin/rails:9
  [1m[35m (0.4ms)[0m  [1m[34mSELECT pg_advisory_unlock(6673910664675292185)[0m
  ↳ bin/rails:9
  [1m[35m (5.2ms)[0m  [1m[34mSELECT "schema_migrations"."version" FROM "schema_migrations" ORDER BY "schema_migrations"."version" ASC[0m
  ↳ bin/rails:9
  [1m[35m (0.4ms)[0m  [1m[34mSELECT pg_try_advisory_lock(6673910664675292185)[0m
  ↳ bin/rails:9
  [1m[35m (0.9ms)[0m  [1m[34mSELECT "schema_migrations"."version" FROM "schema_migrations" ORDER BY "schema_migrations"."version" ASC[0m
  ↳ bin/rails:9
Migrating to UpdateArtworks (20201203221515)
  [1m[35m (1.2ms)[0m  [1m[35mBEGIN[0m
  ↳ bin/rails:9
  [1m[35m (0.4ms)[0m  [1m[31mROLLBACK[0m
  ↳ bin/rails:9
  [1m[35m (1.3ms)[0m  [1m[34mSELECT pg_advisory_unlock(6673910664675292185)[0m
  ↳ bin/rails:9
  [1m[35m (0.4ms)[0m  [1m[34mSELECT pg_try_advisory_lock(6673910664675292185)[0m
  ↳ bin/rails:9
  [1m[35m (0.9ms)[0m  [1m[34mSELECT "schema_migrations"."version" FROM "schema_migrations" ORDER BY "schema_migrations"."version" ASC[0m
  ↳ bin/rails:9
Migrating to UpdateArtworks (20201203221515)
  [1m[35m (0.3ms)[0m  [1m[35mBEGIN[0m
  ↳ bin/rails:9
  [1m[35m (48.1ms)[0m  [1m[35mDROP INDEX  "index_artworks_on_artist_id_and_title"[0m
  ↳ db/migrate/20201203221515_update_artworks.rb:3
  [1m[35m (90.6ms)[0m  [1m[35mCREATE UNIQUE INDEX  "index_artworks_on_artist_id_and_title" ON "artworks"  ("artist_id", "title")[0m
  ↳ db/migrate/20201203221515_update_artworks.rb:4
  [1m[36mActiveRecord::SchemaMigration Create (0.6ms)[0m  [1m[32mINSERT INTO "schema_migrations" ("version") VALUES ($1) RETURNING "version"[0m  [["version", "20201203221515"]]
  ↳ bin/rails:9
  [1m[35m (97.2ms)[0m  [1m[35mCOMMIT[0m
  ↳ bin/rails:9
  [1m[36mActiveRecord::InternalMetadata Load (0.5ms)[0m  [1m[34mSELECT  "ar_internal_metadata".* FROM "ar_internal_metadata" WHERE "ar_internal_metadata"."key" = $1 LIMIT $2[0m  [["key", "environment"], ["LIMIT", 1]]
  ↳ bin/rails:9
  [1m[35m (0.3ms)[0m  [1m[35mBEGIN[0m
  ↳ bin/rails:9
  [1m[35m (0.3ms)[0m  [1m[35mCOMMIT[0m
  ↳ bin/rails:9
  [1m[35m (1.2ms)[0m  [1m[34mSELECT pg_advisory_unlock(6673910664675292185)[0m
  ↳ bin/rails:9
  [1m[35m (0.5ms)[0m  [1m[34mSELECT "schema_migrations"."version" FROM "schema_migrations" ORDER BY "schema_migrations"."version" ASC[0m
  ↳ bin/rails:9
  [1m[35m (0.5ms)[0m  [1m[34mSELECT "schema_migrations"."version" FROM "schema_migrations" ORDER BY "schema_migrations"."version" ASC[0m
  ↳ /home/kaizhu94/.rbenv/versions/2.5.1/bin/annotate:23
